2022-08-07T17:24:36.710511 - EurekaLabsAPI - INFO - L3 - EurekaLabsAPI execution started
2022-08-07T17:24:36.710714 - EurekaLabsAPI - INFO - L3 - [CONF][GEN] Unit ID: EurekaLabsAPI
2022-08-07T17:24:36.710783 - EurekaLabsAPI - INFO - L3 - [CONF][GEN] Log enabled: yes
2022-08-07T17:24:36.710814 - EurekaLabsAPI - INFO - L3 - [CONF][GEN] Log path: ./logs/EurekaLabs.log
2022-08-07T17:24:36.710841 - EurekaLabsAPI - INFO - L3 - [CONF][GEN] Log type: DEBUG
2022-08-07T17:24:36.724186 - EurekaLabsAPI - INFO - L3 -  * Running on http://127.0.0.1:5000 (Press CTRL+C to quit)
2022-08-07T17:24:36.725550 - EurekaLabsAPI - INFO - L3 -  * Restarting with stat
2022-08-07T17:24:37.151939 - EurekaLabsAPI - INFO - L3 - EurekaLabsAPI execution started
2022-08-07T17:24:37.152074 - EurekaLabsAPI - INFO - L3 - [CONF][GEN] Unit ID: EurekaLabsAPI
2022-08-07T17:24:37.152116 - EurekaLabsAPI - INFO - L3 - [CONF][GEN] Log enabled: yes
2022-08-07T17:24:37.152147 - EurekaLabsAPI - INFO - L3 - [CONF][GEN] Log path: ./logs/EurekaLabs.log
2022-08-07T17:24:37.152175 - EurekaLabsAPI - INFO - L3 - [CONF][GEN] Log type: DEBUG
2022-08-07T17:24:37.158125 - EurekaLabsAPI - WARNING - L3 -  * Debugger is active!
2022-08-07T17:24:37.172973 - EurekaLabsAPI - INFO - L3 -  * Debugger PIN: 849-337-432
2022-08-07T17:24:53.335870 - EurekaLabsAPI - INFO - L3 - EurekaLabsAPI execution started
2022-08-07T17:24:53.335996 - EurekaLabsAPI - INFO - L3 - [CONF][GEN] Unit ID: EurekaLabsAPI
2022-08-07T17:24:53.336036 - EurekaLabsAPI - INFO - L3 - [CONF][GEN] Log enabled: yes
2022-08-07T17:24:53.336066 - EurekaLabsAPI - INFO - L3 - [CONF][GEN] Log path: ./logs/EurekaLabs.log
2022-08-07T17:24:53.336094 - EurekaLabsAPI - INFO - L3 - [CONF][GEN] Log type: DEBUG
2022-08-07T17:24:53.342090 - EurekaLabsAPI - INFO - L3 -  * Running on http://127.0.0.1:5000 (Press CTRL+C to quit)
2022-08-07T17:24:53.342887 - EurekaLabsAPI - INFO - L3 -  * Restarting with stat
2022-08-07T17:24:53.865644 - EurekaLabsAPI - INFO - L3 - EurekaLabsAPI execution started
2022-08-07T17:24:53.865803 - EurekaLabsAPI - INFO - L3 - [CONF][GEN] Unit ID: EurekaLabsAPI
2022-08-07T17:24:53.865850 - EurekaLabsAPI - INFO - L3 - [CONF][GEN] Log enabled: yes
2022-08-07T17:24:53.865881 - EurekaLabsAPI - INFO - L3 - [CONF][GEN] Log path: ./logs/EurekaLabs.log
2022-08-07T17:24:53.865910 - EurekaLabsAPI - INFO - L3 - [CONF][GEN] Log type: DEBUG
2022-08-07T17:24:53.872819 - EurekaLabsAPI - WARNING - L3 -  * Debugger is active!
2022-08-07T17:24:53.882690 - EurekaLabsAPI - INFO - L3 -  * Debugger PIN: 849-337-432
2022-08-07T17:25:16.735320 - EurekaLabsAPI - ERROR - L3 - The provided API key is not valid
2022-08-07T17:25:16.736275 - EurekaLabsAPI - INFO - L3 - 127.0.0.1 - - [07/Aug/2022 17:25:16] "[31m[1mGET /stock?symbol=IBM&api_key=ce9607b24aaa49a6be74ae4b5cef91c8 HTTP/1.1[0m" 403 -
2022-08-07T17:25:26.721965 - EurekaLabsAPI - ERROR - L3 - The provided API key is not valid
2022-08-07T17:25:26.722630 - EurekaLabsAPI - INFO - L3 - 127.0.0.1 - - [07/Aug/2022 17:25:26] "[31m[1mGET /stock?symbol=FBC&api_key=ce9607b24aaa49a6be74ae4b5cef91c8 HTTP/1.1[0m" 403 -
2022-08-07T17:26:28.085245 - EurekaLabsAPI - ERROR - L3 - The provided API key is not valid
2022-08-07T17:26:28.085904 - EurekaLabsAPI - INFO - L3 - 127.0.0.1 - - [07/Aug/2022 17:26:28] "[31m[1mGET /stock?api_key=ce9607b24aaa49a6be74ae4b5cef91c8 HTTP/1.1[0m" 403 -
2022-08-07T17:27:11.160859 - EurekaLabsAPI - INFO - L3 - EurekaLabsAPI execution started
2022-08-07T17:27:11.161142 - EurekaLabsAPI - INFO - L3 - [CONF][GEN] Unit ID: EurekaLabsAPI
2022-08-07T17:27:11.161233 - EurekaLabsAPI - INFO - L3 - [CONF][GEN] Log enabled: yes
2022-08-07T17:27:11.161354 - EurekaLabsAPI - INFO - L3 - [CONF][GEN] Log path: ./logs/EurekaLabs.log
2022-08-07T17:27:11.161451 - EurekaLabsAPI - INFO - L3 - [CONF][GEN] Log type: DEBUG
2022-08-07T17:27:11.170339 - EurekaLabsAPI - INFO - L3 -  * Running on http://127.0.0.1:5000 (Press CTRL+C to quit)
2022-08-07T17:27:11.172401 - EurekaLabsAPI - INFO - L3 -  * Restarting with stat
2022-08-07T17:27:23.137724 - EurekaLabsAPI - INFO - L3 - EurekaLabsAPI execution started
2022-08-07T17:27:23.137913 - EurekaLabsAPI - INFO - L3 - [CONF][GEN] Unit ID: EurekaLabsAPI
2022-08-07T17:27:23.137992 - EurekaLabsAPI - INFO - L3 - [CONF][GEN] Log enabled: yes
2022-08-07T17:27:23.138056 - EurekaLabsAPI - INFO - L3 - [CONF][GEN] Log path: ./logs/EurekaLabs.log
2022-08-07T17:27:23.138118 - EurekaLabsAPI - INFO - L3 - [CONF][GEN] Log type: DEBUG
2022-08-07T17:27:23.145619 - EurekaLabsAPI - INFO - L3 -  * Running on http://127.0.0.1:5000 (Press CTRL+C to quit)
2022-08-07T17:27:23.147081 - EurekaLabsAPI - INFO - L3 -  * Restarting with stat
2022-08-07T17:27:42.110133 - EurekaLabsAPI - INFO - L3 - EurekaLabsAPI execution started
2022-08-07T17:27:42.110265 - EurekaLabsAPI - INFO - L3 - [CONF][GEN] Unit ID: EurekaLabsAPI
2022-08-07T17:27:42.110306 - EurekaLabsAPI - INFO - L3 - [CONF][GEN] Log enabled: yes
2022-08-07T17:27:42.110336 - EurekaLabsAPI - INFO - L3 - [CONF][GEN] Log path: ./logs/EurekaLabs.log
2022-08-07T17:27:42.110365 - EurekaLabsAPI - INFO - L3 - [CONF][GEN] Log type: DEBUG
2022-08-07T17:27:42.115890 - EurekaLabsAPI - INFO - L3 -  * Running on http://127.0.0.1:5000 (Press CTRL+C to quit)
2022-08-07T17:27:42.116596 - EurekaLabsAPI - INFO - L3 -  * Restarting with stat
2022-08-07T17:27:42.516069 - EurekaLabsAPI - INFO - L3 - EurekaLabsAPI execution started
2022-08-07T17:27:42.516200 - EurekaLabsAPI - INFO - L3 - [CONF][GEN] Unit ID: EurekaLabsAPI
2022-08-07T17:27:42.516241 - EurekaLabsAPI - INFO - L3 - [CONF][GEN] Log enabled: yes
2022-08-07T17:27:42.516271 - EurekaLabsAPI - INFO - L3 - [CONF][GEN] Log path: ./logs/EurekaLabs.log
2022-08-07T17:27:42.516299 - EurekaLabsAPI - INFO - L3 - [CONF][GEN] Log type: DEBUG
2022-08-07T17:27:42.521160 - EurekaLabsAPI - WARNING - L3 -  * Debugger is active!
2022-08-07T17:27:42.528321 - EurekaLabsAPI - INFO - L3 -  * Debugger PIN: 849-337-432
2022-08-07T17:27:49.366094 - EurekaLabsAPI - INFO - L3 - EurekaLabsAPI execution started
2022-08-07T17:27:49.366306 - EurekaLabsAPI - INFO - L3 - [CONF][GEN] Unit ID: EurekaLabsAPI
2022-08-07T17:27:49.366387 - EurekaLabsAPI - INFO - L3 - [CONF][GEN] Log enabled: yes
2022-08-07T17:27:49.366454 - EurekaLabsAPI - INFO - L3 - [CONF][GEN] Log path: ./logs/EurekaLabs.log
2022-08-07T17:27:49.366517 - EurekaLabsAPI - INFO - L3 - [CONF][GEN] Log type: DEBUG
2022-08-07T17:27:49.374199 - EurekaLabsAPI - INFO - L3 -  * Running on http://127.0.0.1:5000 (Press CTRL+C to quit)
2022-08-07T17:27:49.375670 - EurekaLabsAPI - INFO - L3 -  * Restarting with stat
2022-08-07T17:33:44.185985 - EurekaLabsAPI - INFO - L3 - EurekaLabsAPI execution started
2022-08-07T17:33:44.186112 - EurekaLabsAPI - INFO - L3 - [CONF][GEN] Unit ID: EurekaLabsAPI
2022-08-07T17:33:44.186153 - EurekaLabsAPI - INFO - L3 - [CONF][GEN] Log enabled: yes
2022-08-07T17:33:44.186183 - EurekaLabsAPI - INFO - L3 - [CONF][GEN] Log path: ./logs/EurekaLabs.log
2022-08-07T17:33:44.186209 - EurekaLabsAPI - INFO - L3 - [CONF][GEN] Log type: DEBUG
2022-08-07T17:33:44.193909 - EurekaLabsAPI - INFO - L3 -  * Running on http://127.0.0.1:5000 (Press CTRL+C to quit)
2022-08-07T17:33:44.194630 - EurekaLabsAPI - INFO - L3 -  * Restarting with stat
2022-08-07T17:33:44.600580 - EurekaLabsAPI - INFO - L3 - EurekaLabsAPI execution started
2022-08-07T17:33:44.600802 - EurekaLabsAPI - INFO - L3 - [CONF][GEN] Unit ID: EurekaLabsAPI
2022-08-07T17:33:44.600846 - EurekaLabsAPI - INFO - L3 - [CONF][GEN] Log enabled: yes
2022-08-07T17:33:44.600953 - EurekaLabsAPI - INFO - L3 - [CONF][GEN] Log path: ./logs/EurekaLabs.log
2022-08-07T17:33:44.601005 - EurekaLabsAPI - INFO - L3 - [CONF][GEN] Log type: DEBUG
2022-08-07T17:33:44.606815 - EurekaLabsAPI - WARNING - L3 -  * Debugger is active!
2022-08-07T17:33:44.621214 - EurekaLabsAPI - INFO - L3 -  * Debugger PIN: 849-337-432
2022-08-07T17:33:55.389807 - EurekaLabsAPI - INFO - L3 - 127.0.0.1 - - [07/Aug/2022 17:33:55] "[35m[1mGET /stock?api_key=ce9607b24aaa49a6be74ae4b5cef91c8 HTTP/1.1[0m" 500 -
2022-08-07T17:34:17.355314 - EurekaLabsAPI - INFO - L3 - EurekaLabsAPI execution started
2022-08-07T17:34:17.355469 - EurekaLabsAPI - INFO - L3 - [CONF][GEN] Unit ID: EurekaLabsAPI
2022-08-07T17:34:17.355535 - EurekaLabsAPI - INFO - L3 - [CONF][GEN] Log enabled: yes
2022-08-07T17:34:17.355573 - EurekaLabsAPI - INFO - L3 - [CONF][GEN] Log path: ./logs/EurekaLabs.log
2022-08-07T17:34:17.355606 - EurekaLabsAPI - INFO - L3 - [CONF][GEN] Log type: DEBUG
2022-08-07T17:34:17.367020 - EurekaLabsAPI - INFO - L3 -  * Running on http://127.0.0.1:5000 (Press CTRL+C to quit)
2022-08-07T17:34:17.368566 - EurekaLabsAPI - INFO - L3 -  * Restarting with stat
2022-08-07T17:34:17.770949 - EurekaLabsAPI - INFO - L3 - EurekaLabsAPI execution started
2022-08-07T17:34:17.771080 - EurekaLabsAPI - INFO - L3 - [CONF][GEN] Unit ID: EurekaLabsAPI
2022-08-07T17:34:17.771120 - EurekaLabsAPI - INFO - L3 - [CONF][GEN] Log enabled: yes
2022-08-07T17:34:17.771151 - EurekaLabsAPI - INFO - L3 - [CONF][GEN] Log path: ./logs/EurekaLabs.log
2022-08-07T17:34:17.771179 - EurekaLabsAPI - INFO - L3 - [CONF][GEN] Log type: DEBUG
2022-08-07T17:34:17.775779 - EurekaLabsAPI - WARNING - L3 -  * Debugger is active!
2022-08-07T17:34:17.783976 - EurekaLabsAPI - INFO - L3 -  * Debugger PIN: 849-337-432
2022-08-07T17:34:21.483722 - EurekaLabsAPI - ERROR - L3 - The symbol cannot be blank.
2022-08-07T17:34:21.484481 - EurekaLabsAPI - INFO - L3 - 127.0.0.1 - - [07/Aug/2022 17:34:21] "[31m[1mGET /stock?api_key=ce9607b24aaa49a6be74ae4b5cef91c8 HTTP/1.1[0m" 400 -
2022-08-07T17:34:37.470541 - EurekaLabsAPI - DEBUG - L3 - Initializing backend: None demo_cache
2022-08-07T17:34:37.470682 - EurekaLabsAPI - DEBUG - L3 - Initializing SQLitePickleDict with serializer: <requests_cache.serializers.pipeline.SerializerPipeline object at 0x10a2202b0>
2022-08-07T17:34:37.471013 - EurekaLabsAPI - DEBUG - L3 - Opening connection to /Users/cgobbo/PycharmProjects/eurekalabs/demo_cache.sqlite:responses
2022-08-07T17:34:37.473772 - EurekaLabsAPI - DEBUG - L3 - Initializing SQLiteDict with serializer: <requests_cache.serializers.pipeline.SerializerPipeline object at 0x10a2202b0>
2022-08-07T17:34:37.474130 - EurekaLabsAPI - DEBUG - L3 - Opening connection to /Users/cgobbo/PycharmProjects/eurekalabs/demo_cache.sqlite:redirects
2022-08-07T17:34:38.578805 - EurekaLabsAPI - DEBUG - L3 - Cache directives from request headers: {}
2022-08-07T17:34:38.580886 - EurekaLabsAPI - DEBUG - L3 - Starting new HTTPS connection (1): www.alphavantage.co:443
2022-08-07T17:34:40.595925 - EurekaLabsAPI - DEBUG - L3 - https://www.alphavantage.co:443 "GET /query?function=LISTING_STATUS&apikey=X86NOH6II01P7R24 HTTP/1.1" 200 None
2022-08-07T17:34:41.536550 - EurekaLabsAPI - DEBUG - L3 - Pre-cache checks for response from https://www.alphavantage.co/query?function=LISTING_STATUS&apikey=X86NOH6II01P7R24: {'disabled cache': False, 'disabled method': False, 'disabled status': False, 'disabled by filter': False, 'disabled by headers or expiration params': False}
2022-08-07T17:34:41.576264 - EurekaLabsAPI - DEBUG - L3 - Cache directives from request headers: {}
2022-08-07T17:34:41.952833 - EurekaLabsAPI - DEBUG - L3 - https://www.alphavantage.co:443 "GET /query?function=TIME_SERIES_DAILY&symbol=IBM&outputsize=compact&apikey=X86NOH6II01P7R24 HTTP/1.1" 200 None
2022-08-07T17:34:41.955290 - EurekaLabsAPI - DEBUG - L3 - Pre-cache checks for response from https://www.alphavantage.co/query?function=TIME_SERIES_DAILY&symbol=IBM&outputsize=compact&apikey=X86NOH6II01P7R24: {'disabled cache': False, 'disabled method': False, 'disabled status': False, 'disabled by filter': False, 'disabled by headers or expiration params': False}
2022-08-07T17:34:41.962312 - EurekaLabsAPI - INFO - L3 - {'open price': '131.2500', 'higher price': '132.6700', 'lower price': '131.0700', 'variation between last 2 closing price values': 0.84}
2022-08-07T17:34:41.968431 - EurekaLabsAPI - INFO - L3 - 127.0.0.1 - - [07/Aug/2022 17:34:41] "GET /stock?symbol=IBM&api_key=ce9607b24aaa49a6be74ae4b5cef91c8 HTTP/1.1" 200 -
2022-08-07T17:37:55.577612 - EurekaLabsAPI - INFO - L3 - EurekaLabsAPI execution started
2022-08-07T17:37:55.577742 - EurekaLabsAPI - INFO - L3 - [CONF][GEN] Unit ID: EurekaLabsAPI
2022-08-07T17:37:55.577785 - EurekaLabsAPI - INFO - L3 - [CONF][GEN] Log enabled: yes
2022-08-07T17:37:55.577831 - EurekaLabsAPI - INFO - L3 - [CONF][GEN] Log path: ./logs/EurekaLabs.log
2022-08-07T17:37:55.577860 - EurekaLabsAPI - INFO - L3 - [CONF][GEN] Log type: DEBUG
2022-08-07T17:37:55.587175 - EurekaLabsAPI - INFO - L3 -  * Running on http://127.0.0.1:5000 (Press CTRL+C to quit)
2022-08-07T17:37:55.588424 - EurekaLabsAPI - INFO - L3 -  * Restarting with stat
2022-08-07T17:37:55.970694 - EurekaLabsAPI - INFO - L3 - EurekaLabsAPI execution started
2022-08-07T17:37:55.970824 - EurekaLabsAPI - INFO - L3 - [CONF][GEN] Unit ID: EurekaLabsAPI
2022-08-07T17:37:55.970865 - EurekaLabsAPI - INFO - L3 - [CONF][GEN] Log enabled: yes
2022-08-07T17:37:55.970907 - EurekaLabsAPI - INFO - L3 - [CONF][GEN] Log path: ./logs/EurekaLabs.log
2022-08-07T17:37:55.970983 - EurekaLabsAPI - INFO - L3 - [CONF][GEN] Log type: DEBUG
2022-08-07T17:37:55.975773 - EurekaLabsAPI - WARNING - L3 -  * Debugger is active!
2022-08-07T17:37:55.984101 - EurekaLabsAPI - INFO - L3 -  * Debugger PIN: 849-337-432
2022-08-07T17:38:03.087239 - EurekaLabsAPI - DEBUG - L3 - Initializing backend: None ./db/demo_cache
2022-08-07T17:38:03.087394 - EurekaLabsAPI - DEBUG - L3 - Initializing SQLitePickleDict with serializer: <requests_cache.serializers.pipeline.SerializerPipeline object at 0x10276b2e0>
2022-08-07T17:38:03.087803 - EurekaLabsAPI - DEBUG - L3 - Opening connection to /Users/cgobbo/PycharmProjects/eurekalabs/db/demo_cache.sqlite:responses
2022-08-07T17:38:03.088741 - EurekaLabsAPI - DEBUG - L3 - Initializing SQLiteDict with serializer: <requests_cache.serializers.pipeline.SerializerPipeline object at 0x10276b2e0>
2022-08-07T17:38:03.089040 - EurekaLabsAPI - DEBUG - L3 - Opening connection to /Users/cgobbo/PycharmProjects/eurekalabs/db/demo_cache.sqlite:redirects
2022-08-07T17:38:03.099415 - EurekaLabsAPI - DEBUG - L3 - Cache directives from request headers: {}
2022-08-07T17:38:03.100974 - EurekaLabsAPI - DEBUG - L3 - Starting new HTTPS connection (1): www.alphavantage.co:443
2022-08-07T17:38:03.800394 - EurekaLabsAPI - DEBUG - L3 - https://www.alphavantage.co:443 "GET /query?function=LISTING_STATUS&apikey=X86NOH6II01P7R24 HTTP/1.1" 200 None
2022-08-07T17:38:04.754786 - EurekaLabsAPI - DEBUG - L3 - Pre-cache checks for response from https://www.alphavantage.co/query?function=LISTING_STATUS&apikey=X86NOH6II01P7R24: {'disabled cache': False, 'disabled method': False, 'disabled status': False, 'disabled by filter': False, 'disabled by headers or expiration params': False}
2022-08-07T17:38:04.799517 - EurekaLabsAPI - DEBUG - L3 - Cache directives from request headers: {}
2022-08-07T17:38:05.096056 - EurekaLabsAPI - DEBUG - L3 - https://www.alphavantage.co:443 "GET /query?function=TIME_SERIES_DAILY&symbol=IBM&outputsize=compact&apikey=X86NOH6II01P7R24 HTTP/1.1" 200 None
2022-08-07T17:38:05.096703 - EurekaLabsAPI - DEBUG - L3 - Pre-cache checks for response from https://www.alphavantage.co/query?function=TIME_SERIES_DAILY&symbol=IBM&outputsize=compact&apikey=X86NOH6II01P7R24: {'disabled cache': False, 'disabled method': False, 'disabled status': False, 'disabled by filter': False, 'disabled by headers or expiration params': False}
2022-08-07T17:38:05.100597 - EurekaLabsAPI - INFO - L3 - {'open price': '131.2500', 'higher price': '132.6700', 'lower price': '131.0700', 'variation between last 2 closing price values': 0.84}
2022-08-07T17:38:05.103428 - EurekaLabsAPI - INFO - L3 - 127.0.0.1 - - [07/Aug/2022 17:38:05] "GET /stock?symbol=IBM&api_key=ce9607b24aaa49a6be74ae4b5cef91c8 HTTP/1.1" 200 -
2022-08-07T17:38:25.512345 - EurekaLabsAPI - INFO - L3 -  * Detected change in '/Users/cgobbo/PycharmProjects/eurekalabs/application/clients.py', reloading
2022-08-07T17:38:25.582199 - EurekaLabsAPI - INFO - L3 -  * Restarting with stat
2022-08-07T17:38:26.027514 - EurekaLabsAPI - INFO - L3 - EurekaLabsAPI execution started
2022-08-07T17:38:26.027768 - EurekaLabsAPI - INFO - L3 - [CONF][GEN] Unit ID: EurekaLabsAPI
2022-08-07T17:38:26.027881 - EurekaLabsAPI - INFO - L3 - [CONF][GEN] Log enabled: yes
2022-08-07T17:38:26.027973 - EurekaLabsAPI - INFO - L3 - [CONF][GEN] Log path: ./logs/EurekaLabs.log
2022-08-07T17:38:26.028035 - EurekaLabsAPI - INFO - L3 - [CONF][GEN] Log type: DEBUG
2022-08-07T17:38:26.037012 - EurekaLabsAPI - WARNING - L3 -  * Debugger is active!
2022-08-07T17:38:26.046554 - EurekaLabsAPI - INFO - L3 -  * Debugger PIN: 849-337-432
2022-08-07T17:38:29.594443 - EurekaLabsAPI - DEBUG - L3 - Initializing backend: None ./db/demo_cache
2022-08-07T17:38:29.594595 - EurekaLabsAPI - DEBUG - L3 - Initializing SQLitePickleDict with serializer: <requests_cache.serializers.pipeline.SerializerPipeline object at 0x105f89310>
2022-08-07T17:38:29.594962 - EurekaLabsAPI - DEBUG - L3 - Opening connection to /Users/cgobbo/PycharmProjects/eurekalabs/db/demo_cache.sqlite:responses
2022-08-07T17:38:29.598098 - EurekaLabsAPI - DEBUG - L3 - Initializing SQLiteDict with serializer: <requests_cache.serializers.pipeline.SerializerPipeline object at 0x105f89310>
2022-08-07T17:38:29.598672 - EurekaLabsAPI - DEBUG - L3 - Opening connection to /Users/cgobbo/PycharmProjects/eurekalabs/db/demo_cache.sqlite:redirects
2022-08-07T17:38:29.610755 - EurekaLabsAPI - DEBUG - L3 - Cache directives from request headers: {}
2022-08-07T17:38:29.611538 - EurekaLabsAPI - DEBUG - L3 - Starting new HTTPS connection (1): www.alphavantage.co:443
2022-08-07T17:38:30.325996 - EurekaLabsAPI - DEBUG - L3 - https://www.alphavantage.co:443 "GET /query?function=LISTING_STATUS&apikey=X86NOH6II01P7R24 HTTP/1.1" 200 None
2022-08-07T17:38:34.839914 - EurekaLabsAPI - DEBUG - L3 - Pre-cache checks for response from https://www.alphavantage.co/query?function=LISTING_STATUS&apikey=X86NOH6II01P7R24: {'disabled cache': False, 'disabled method': False, 'disabled status': False, 'disabled by filter': False, 'disabled by headers or expiration params': False}
2022-08-07T17:38:34.880532 - EurekaLabsAPI - DEBUG - L3 - Cache directives from request headers: {}
2022-08-07T17:38:35.100568 - EurekaLabsAPI - DEBUG - L3 - https://www.alphavantage.co:443 "GET /query?function=TIME_SERIES_DAILY&symbol=IBM&outputsize=compact&apikey=X86NOH6II01P7R24 HTTP/1.1" 200 None
2022-08-07T17:38:35.101920 - EurekaLabsAPI - DEBUG - L3 - Pre-cache checks for response from https://www.alphavantage.co/query?function=TIME_SERIES_DAILY&symbol=IBM&outputsize=compact&apikey=X86NOH6II01P7R24: {'disabled cache': False, 'disabled method': False, 'disabled status': False, 'disabled by filter': False, 'disabled by headers or expiration params': False}
2022-08-07T17:38:35.109755 - EurekaLabsAPI - INFO - L3 - {'open price': '131.2500', 'higher price': '132.6700', 'lower price': '131.0700', 'variation between last 2 closing price values': 0.84}
2022-08-07T17:38:35.115486 - EurekaLabsAPI - INFO - L3 - 127.0.0.1 - - [07/Aug/2022 17:38:35] "GET /stock?symbol=IBM&api_key=ce9607b24aaa49a6be74ae4b5cef91c8 HTTP/1.1" 200 -
2022-08-07T17:39:07.079397 - EurekaLabsAPI - INFO - L3 - EurekaLabsAPI execution started
2022-08-07T17:39:07.079530 - EurekaLabsAPI - INFO - L3 - [CONF][GEN] Unit ID: EurekaLabsAPI
2022-08-07T17:39:07.079571 - EurekaLabsAPI - INFO - L3 - [CONF][GEN] Log enabled: yes
2022-08-07T17:39:07.079601 - EurekaLabsAPI - INFO - L3 - [CONF][GEN] Log path: ./logs/EurekaLabs.log
2022-08-07T17:39:07.079629 - EurekaLabsAPI - INFO - L3 - [CONF][GEN] Log type: DEBUG
2022-08-07T17:39:07.085057 - EurekaLabsAPI - INFO - L3 -  * Running on http://127.0.0.1:5000 (Press CTRL+C to quit)
2022-08-07T17:39:07.085974 - EurekaLabsAPI - INFO - L3 -  * Restarting with stat
2022-08-07T17:39:07.563917 - EurekaLabsAPI - INFO - L3 - EurekaLabsAPI execution started
2022-08-07T17:39:07.564095 - EurekaLabsAPI - INFO - L3 - [CONF][GEN] Unit ID: EurekaLabsAPI
2022-08-07T17:39:07.564159 - EurekaLabsAPI - INFO - L3 - [CONF][GEN] Log enabled: yes
2022-08-07T17:39:07.564214 - EurekaLabsAPI - INFO - L3 - [CONF][GEN] Log path: ./logs/EurekaLabs.log
2022-08-07T17:39:07.564265 - EurekaLabsAPI - INFO - L3 - [CONF][GEN] Log type: DEBUG
2022-08-07T17:39:07.570518 - EurekaLabsAPI - WARNING - L3 -  * Debugger is active!
2022-08-07T17:39:07.577412 - EurekaLabsAPI - INFO - L3 -  * Debugger PIN: 849-337-432
2022-08-07T17:39:14.656607 - EurekaLabsAPI - DEBUG - L3 - Initializing backend: None ./db/demo_cache
2022-08-07T17:39:14.656761 - EurekaLabsAPI - DEBUG - L3 - Initializing SQLitePickleDict with serializer: <requests_cache.serializers.pipeline.SerializerPipeline object at 0x1119082b0>
2022-08-07T17:39:14.657147 - EurekaLabsAPI - DEBUG - L3 - Opening connection to /Users/cgobbo/PycharmProjects/eurekalabs/db/demo_cache.sqlite:responses
2022-08-07T17:39:14.660187 - EurekaLabsAPI - DEBUG - L3 - Initializing SQLiteDict with serializer: <requests_cache.serializers.pipeline.SerializerPipeline object at 0x1119082b0>
2022-08-07T17:39:14.660451 - EurekaLabsAPI - DEBUG - L3 - Opening connection to /Users/cgobbo/PycharmProjects/eurekalabs/db/demo_cache.sqlite:redirects
2022-08-07T17:39:14.675054 - EurekaLabsAPI - DEBUG - L3 - Cache directives from request headers: {}
2022-08-07T17:39:14.675829 - EurekaLabsAPI - DEBUG - L3 - Starting new HTTPS connection (1): www.alphavantage.co:443
2022-08-07T17:39:15.041145 - EurekaLabsAPI - DEBUG - L3 - https://www.alphavantage.co:443 "GET /query?function=LISTING_STATUS&apikey=X86NOH6II01P7R24 HTTP/1.1" 200 None
2022-08-07T17:39:16.934124 - EurekaLabsAPI - DEBUG - L3 - Pre-cache checks for response from https://www.alphavantage.co/query?function=LISTING_STATUS&apikey=X86NOH6II01P7R24: {'disabled cache': False, 'disabled method': False, 'disabled status': False, 'disabled by filter': False, 'disabled by headers or expiration params': False}
2022-08-07T17:39:16.976344 - EurekaLabsAPI - DEBUG - L3 - Cache directives from request headers: {}
2022-08-07T17:39:17.203201 - EurekaLabsAPI - DEBUG - L3 - https://www.alphavantage.co:443 "GET /query?function=TIME_SERIES_DAILY&symbol=IBM&outputsize=compact&apikey=X86NOH6II01P7R24 HTTP/1.1" 200 None
2022-08-07T17:39:17.208691 - EurekaLabsAPI - DEBUG - L3 - Pre-cache checks for response from https://www.alphavantage.co/query?function=TIME_SERIES_DAILY&symbol=IBM&outputsize=compact&apikey=X86NOH6II01P7R24: {'disabled cache': False, 'disabled method': False, 'disabled status': False, 'disabled by filter': False, 'disabled by headers or expiration params': False}
2022-08-07T17:39:17.215863 - EurekaLabsAPI - INFO - L3 - {'open price': '131.2500', 'higher price': '132.6700', 'lower price': '131.0700', 'variation between last 2 closing price values': 0.84}
2022-08-07T17:39:17.220930 - EurekaLabsAPI - INFO - L3 - 127.0.0.1 - - [07/Aug/2022 17:39:17] "GET /stock?symbol=IBM&api_key=ce9607b24aaa49a6be74ae4b5cef91c8 HTTP/1.1" 200 -
2022-08-07T17:41:42.011315 - EurekaLabsAPI - INFO - L3 - EurekaLabsAPI execution started
2022-08-07T17:41:42.011436 - EurekaLabsAPI - INFO - L3 - [CONF][GEN] Unit ID: EurekaLabsAPI
2022-08-07T17:41:42.011476 - EurekaLabsAPI - INFO - L3 - [CONF][GEN] Log enabled: yes
2022-08-07T17:41:42.011508 - EurekaLabsAPI - INFO - L3 - [CONF][GEN] Log path: ./logs/EurekaLabs.log
2022-08-07T17:41:42.011537 - EurekaLabsAPI - INFO - L3 - [CONF][GEN] Log type: DEBUG
2022-08-07T17:41:42.020282 - EurekaLabsAPI - INFO - L3 -  * Running on http://127.0.0.1:5000 (Press CTRL+C to quit)
2022-08-07T17:41:42.021527 - EurekaLabsAPI - INFO - L3 -  * Restarting with stat
2022-08-07T17:41:42.415720 - EurekaLabsAPI - INFO - L3 - EurekaLabsAPI execution started
2022-08-07T17:41:42.415853 - EurekaLabsAPI - INFO - L3 - [CONF][GEN] Unit ID: EurekaLabsAPI
2022-08-07T17:41:42.415896 - EurekaLabsAPI - INFO - L3 - [CONF][GEN] Log enabled: yes
2022-08-07T17:41:42.415928 - EurekaLabsAPI - INFO - L3 - [CONF][GEN] Log path: ./logs/EurekaLabs.log
2022-08-07T17:41:42.415956 - EurekaLabsAPI - INFO - L3 - [CONF][GEN] Log type: DEBUG
2022-08-07T17:41:42.420557 - EurekaLabsAPI - WARNING - L3 -  * Debugger is active!
2022-08-07T17:41:42.427872 - EurekaLabsAPI - INFO - L3 -  * Debugger PIN: 849-337-432
2022-08-07T17:58:16.795008 - EurekaLabsAPI - INFO - L3 - EurekaLabsAPI execution started
2022-08-07T17:58:16.795651 - EurekaLabsAPI - INFO - L3 - [CONF][GEN] Unit ID: EurekaLabsAPI
2022-08-07T17:58:16.795760 - EurekaLabsAPI - INFO - L3 - [CONF][GEN] Log enabled: yes
2022-08-07T17:58:16.795808 - EurekaLabsAPI - INFO - L3 - [CONF][GEN] Log path: ./logs/EurekaLabs.log
2022-08-07T17:58:16.795838 - EurekaLabsAPI - INFO - L3 - [CONF][GEN] Log type: DEBUG
2022-08-07T17:58:16.805646 - EurekaLabsAPI - INFO - L3 -  * Running on http://127.0.0.1:5000 (Press CTRL+C to quit)
2022-08-07T17:58:16.807057 - EurekaLabsAPI - INFO - L3 -  * Restarting with stat
2022-08-07T17:58:17.297711 - EurekaLabsAPI - INFO - L3 - EurekaLabsAPI execution started
2022-08-07T17:58:17.297888 - EurekaLabsAPI - INFO - L3 - [CONF][GEN] Unit ID: EurekaLabsAPI
2022-08-07T17:58:17.297930 - EurekaLabsAPI - INFO - L3 - [CONF][GEN] Log enabled: yes
2022-08-07T17:58:17.297960 - EurekaLabsAPI - INFO - L3 - [CONF][GEN] Log path: ./logs/EurekaLabs.log
2022-08-07T17:58:17.297988 - EurekaLabsAPI - INFO - L3 - [CONF][GEN] Log type: DEBUG
2022-08-07T17:58:17.302545 - EurekaLabsAPI - WARNING - L3 -  * Debugger is active!
2022-08-07T17:58:17.314219 - EurekaLabsAPI - INFO - L3 -  * Debugger PIN: 849-337-432
2022-08-07T17:58:20.820704 - EurekaLabsAPI - DEBUG - L3 - Initializing backend: None ./db/demo_cache
2022-08-07T17:58:20.820887 - EurekaLabsAPI - DEBUG - L3 - Initializing SQLitePickleDict with serializer: <requests_cache.serializers.pipeline.SerializerPipeline object at 0x106a8d460>
2022-08-07T17:58:20.821286 - EurekaLabsAPI - DEBUG - L3 - Opening connection to /Users/cgobbo/PycharmProjects/eurekalabs/db/demo_cache.sqlite:responses
2022-08-07T17:58:20.822196 - EurekaLabsAPI - DEBUG - L3 - Initializing SQLiteDict with serializer: <requests_cache.serializers.pipeline.SerializerPipeline object at 0x106a8d460>
2022-08-07T17:58:20.822496 - EurekaLabsAPI - DEBUG - L3 - Opening connection to /Users/cgobbo/PycharmProjects/eurekalabs/db/demo_cache.sqlite:redirects
2022-08-07T17:58:21.924073 - EurekaLabsAPI - DEBUG - L3 - Cache directives from request headers: {}
2022-08-07T17:58:21.965993 - EurekaLabsAPI - DEBUG - L3 - Cache directives from request headers: {}
2022-08-07T17:58:21.968415 - EurekaLabsAPI - INFO - L3 - {'open price': '131.2500', 'higher price': '132.6700', 'lower price': '131.0700', 'variation between last 2 closing price values': 0.84}
2022-08-07T17:58:21.969817 - EurekaLabsAPI - INFO - L3 - 127.0.0.1 - - [07/Aug/2022 17:58:21] "GET /stock?symbol=IBM&api_key=ce9607b24aaa49a6be74ae4b5cef91c8 HTTP/1.1" 200 -
2022-08-07T17:58:22.799279 - EurekaLabsAPI - WARNING - L3 - ratelimit 1 per 1 minute (127.0.0.1) exceeded at endpoint: stock
2022-08-07T17:58:22.799898 - EurekaLabsAPI - INFO - L3 - 127.0.0.1 - - [07/Aug/2022 17:58:22] "[31m[1mGET /stock?symbol=IBM&api_key=ce9607b24aaa49a6be74ae4b5cef91c8 HTTP/1.1[0m" 429 -
2022-08-07T17:58:41.635500 - EurekaLabsAPI - INFO - L3 -  * Detected change in '/Users/cgobbo/PycharmProjects/eurekalabs/application/app.py', reloading
2022-08-07T17:58:41.717611 - EurekaLabsAPI - INFO - L3 -  * Restarting with stat
2022-08-07T17:58:42.188905 - EurekaLabsAPI - INFO - L3 - EurekaLabsAPI execution started
2022-08-07T17:58:42.189041 - EurekaLabsAPI - INFO - L3 - [CONF][GEN] Unit ID: EurekaLabsAPI
2022-08-07T17:58:42.189119 - EurekaLabsAPI - INFO - L3 - [CONF][GEN] Log enabled: yes
2022-08-07T17:58:42.189172 - EurekaLabsAPI - INFO - L3 - [CONF][GEN] Log path: ./logs/EurekaLabs.log
2022-08-07T17:58:42.189202 - EurekaLabsAPI - INFO - L3 - [CONF][GEN] Log type: DEBUG
2022-08-07T17:58:42.193409 - EurekaLabsAPI - WARNING - L3 -  * Debugger is active!
2022-08-07T17:58:42.201535 - EurekaLabsAPI - INFO - L3 -  * Debugger PIN: 849-337-432
2022-08-07T17:58:50.191587 - EurekaLabsAPI - INFO - L3 - EurekaLabsAPI execution started
2022-08-07T17:58:50.191807 - EurekaLabsAPI - INFO - L3 - [CONF][GEN] Unit ID: EurekaLabsAPI
2022-08-07T17:58:50.191851 - EurekaLabsAPI - INFO - L3 - [CONF][GEN] Log enabled: yes
2022-08-07T17:58:50.191881 - EurekaLabsAPI - INFO - L3 - [CONF][GEN] Log path: ./logs/EurekaLabs.log
2022-08-07T17:58:50.191909 - EurekaLabsAPI - INFO - L3 - [CONF][GEN] Log type: DEBUG
2022-08-07T17:58:50.197201 - EurekaLabsAPI - INFO - L3 -  * Running on http://127.0.0.1:5000 (Press CTRL+C to quit)
2022-08-07T17:58:50.197872 - EurekaLabsAPI - INFO - L3 -  * Restarting with stat
2022-08-07T17:58:50.719445 - EurekaLabsAPI - INFO - L3 - EurekaLabsAPI execution started
2022-08-07T17:58:50.719577 - EurekaLabsAPI - INFO - L3 - [CONF][GEN] Unit ID: EurekaLabsAPI
2022-08-07T17:58:50.719620 - EurekaLabsAPI - INFO - L3 - [CONF][GEN] Log enabled: yes
2022-08-07T17:58:50.719651 - EurekaLabsAPI - INFO - L3 - [CONF][GEN] Log path: ./logs/EurekaLabs.log
2022-08-07T17:58:50.719679 - EurekaLabsAPI - INFO - L3 - [CONF][GEN] Log type: DEBUG
2022-08-07T17:58:50.724074 - EurekaLabsAPI - WARNING - L3 -  * Debugger is active!
2022-08-07T17:58:50.731719 - EurekaLabsAPI - INFO - L3 -  * Debugger PIN: 849-337-432
2022-08-07T17:58:56.407346 - EurekaLabsAPI - DEBUG - L3 - Initializing backend: None ./db/demo_cache
2022-08-07T17:58:56.407525 - EurekaLabsAPI - DEBUG - L3 - Initializing SQLitePickleDict with serializer: <requests_cache.serializers.pipeline.SerializerPipeline object at 0x10b1b14c0>
2022-08-07T17:58:56.408116 - EurekaLabsAPI - DEBUG - L3 - Opening connection to /Users/cgobbo/PycharmProjects/eurekalabs/db/demo_cache.sqlite:responses
2022-08-07T17:58:56.408836 - EurekaLabsAPI - DEBUG - L3 - Initializing SQLiteDict with serializer: <requests_cache.serializers.pipeline.SerializerPipeline object at 0x10b1b14c0>
2022-08-07T17:58:56.409304 - EurekaLabsAPI - DEBUG - L3 - Opening connection to /Users/cgobbo/PycharmProjects/eurekalabs/db/demo_cache.sqlite:redirects
2022-08-07T17:58:56.420848 - EurekaLabsAPI - DEBUG - L3 - Cache directives from request headers: {}
2022-08-07T17:58:56.455728 - EurekaLabsAPI - DEBUG - L3 - Cache directives from request headers: {}
2022-08-07T17:58:56.457553 - EurekaLabsAPI - INFO - L3 - {'open price': '131.2500', 'higher price': '132.6700', 'lower price': '131.0700', 'variation between last 2 closing price values': 0.84}
2022-08-07T17:58:56.459517 - EurekaLabsAPI - INFO - L3 - 127.0.0.1 - - [07/Aug/2022 17:58:56] "GET /stock?symbol=IBM&api_key=ce9607b24aaa49a6be74ae4b5cef91c8 HTTP/1.1" 200 -
2022-08-07T17:58:57.365983 - EurekaLabsAPI - DEBUG - L3 - Initializing backend: None ./db/demo_cache
2022-08-07T17:58:57.366125 - EurekaLabsAPI - DEBUG - L3 - Initializing SQLitePickleDict with serializer: <requests_cache.serializers.pipeline.SerializerPipeline object at 0x10b1b14c0>
2022-08-07T17:58:57.366475 - EurekaLabsAPI - DEBUG - L3 - Opening connection to /Users/cgobbo/PycharmProjects/eurekalabs/db/demo_cache.sqlite:responses
2022-08-07T17:58:57.366918 - EurekaLabsAPI - DEBUG - L3 - Initializing SQLiteDict with serializer: <requests_cache.serializers.pipeline.SerializerPipeline object at 0x10b1b14c0>
2022-08-07T17:58:57.367230 - EurekaLabsAPI - DEBUG - L3 - Opening connection to /Users/cgobbo/PycharmProjects/eurekalabs/db/demo_cache.sqlite:redirects
2022-08-07T17:58:57.369746 - EurekaLabsAPI - DEBUG - L3 - Cache directives from request headers: {}
2022-08-07T17:58:57.400187 - EurekaLabsAPI - DEBUG - L3 - Cache directives from request headers: {}
2022-08-07T17:58:57.401574 - EurekaLabsAPI - INFO - L3 - {'open price': '131.2500', 'higher price': '132.6700', 'lower price': '131.0700', 'variation between last 2 closing price values': 0.84}
2022-08-07T17:58:57.402512 - EurekaLabsAPI - INFO - L3 - 127.0.0.1 - - [07/Aug/2022 17:58:57] "GET /stock?symbol=IBM&api_key=ce9607b24aaa49a6be74ae4b5cef91c8 HTTP/1.1" 200 -
2022-08-07T17:58:58.099950 - EurekaLabsAPI - DEBUG - L3 - Initializing backend: None ./db/demo_cache
2022-08-07T17:58:58.100076 - EurekaLabsAPI - DEBUG - L3 - Initializing SQLitePickleDict with serializer: <requests_cache.serializers.pipeline.SerializerPipeline object at 0x10b1b14c0>
2022-08-07T17:58:58.100320 - EurekaLabsAPI - DEBUG - L3 - Opening connection to /Users/cgobbo/PycharmProjects/eurekalabs/db/demo_cache.sqlite:responses
2022-08-07T17:58:58.100592 - EurekaLabsAPI - DEBUG - L3 - Initializing SQLiteDict with serializer: <requests_cache.serializers.pipeline.SerializerPipeline object at 0x10b1b14c0>
2022-08-07T17:58:58.100774 - EurekaLabsAPI - DEBUG - L3 - Opening connection to /Users/cgobbo/PycharmProjects/eurekalabs/db/demo_cache.sqlite:redirects
2022-08-07T17:58:58.102801 - EurekaLabsAPI - DEBUG - L3 - Cache directives from request headers: {}
2022-08-07T17:58:58.128634 - EurekaLabsAPI - DEBUG - L3 - Cache directives from request headers: {}
2022-08-07T17:58:58.130504 - EurekaLabsAPI - INFO - L3 - {'open price': '131.2500', 'higher price': '132.6700', 'lower price': '131.0700', 'variation between last 2 closing price values': 0.84}
2022-08-07T17:58:58.131550 - EurekaLabsAPI - INFO - L3 - 127.0.0.1 - - [07/Aug/2022 17:58:58] "GET /stock?symbol=IBM&api_key=ce9607b24aaa49a6be74ae4b5cef91c8 HTTP/1.1" 200 -
2022-08-07T17:58:58.785220 - EurekaLabsAPI - DEBUG - L3 - Initializing backend: None ./db/demo_cache
2022-08-07T17:58:58.785346 - EurekaLabsAPI - DEBUG - L3 - Initializing SQLitePickleDict with serializer: <requests_cache.serializers.pipeline.SerializerPipeline object at 0x10b1b14c0>
2022-08-07T17:58:58.785586 - EurekaLabsAPI - DEBUG - L3 - Opening connection to /Users/cgobbo/PycharmProjects/eurekalabs/db/demo_cache.sqlite:responses
2022-08-07T17:58:58.785889 - EurekaLabsAPI - DEBUG - L3 - Initializing SQLiteDict with serializer: <requests_cache.serializers.pipeline.SerializerPipeline object at 0x10b1b14c0>
2022-08-07T17:58:58.786088 - EurekaLabsAPI - DEBUG - L3 - Opening connection to /Users/cgobbo/PycharmProjects/eurekalabs/db/demo_cache.sqlite:redirects
2022-08-07T17:58:58.788195 - EurekaLabsAPI - DEBUG - L3 - Cache directives from request headers: {}
2022-08-07T17:58:58.814066 - EurekaLabsAPI - DEBUG - L3 - Cache directives from request headers: {}
2022-08-07T17:58:58.815606 - EurekaLabsAPI - INFO - L3 - {'open price': '131.2500', 'higher price': '132.6700', 'lower price': '131.0700', 'variation between last 2 closing price values': 0.84}
2022-08-07T17:58:58.816597 - EurekaLabsAPI - INFO - L3 - 127.0.0.1 - - [07/Aug/2022 17:58:58] "GET /stock?symbol=IBM&api_key=ce9607b24aaa49a6be74ae4b5cef91c8 HTTP/1.1" 200 -
2022-08-07T17:58:59.423217 - EurekaLabsAPI - DEBUG - L3 - Initializing backend: None ./db/demo_cache
2022-08-07T17:58:59.423338 - EurekaLabsAPI - DEBUG - L3 - Initializing SQLitePickleDict with serializer: <requests_cache.serializers.pipeline.SerializerPipeline object at 0x10b1b14c0>
2022-08-07T17:58:59.423564 - EurekaLabsAPI - DEBUG - L3 - Opening connection to /Users/cgobbo/PycharmProjects/eurekalabs/db/demo_cache.sqlite:responses
2022-08-07T17:58:59.423835 - EurekaLabsAPI - DEBUG - L3 - Initializing SQLiteDict with serializer: <requests_cache.serializers.pipeline.SerializerPipeline object at 0x10b1b14c0>
2022-08-07T17:58:59.424011 - EurekaLabsAPI - DEBUG - L3 - Opening connection to /Users/cgobbo/PycharmProjects/eurekalabs/db/demo_cache.sqlite:redirects
2022-08-07T17:58:59.426246 - EurekaLabsAPI - DEBUG - L3 - Cache directives from request headers: {}
2022-08-07T17:58:59.472689 - EurekaLabsAPI - DEBUG - L3 - Cache directives from request headers: {}
2022-08-07T17:58:59.474079 - EurekaLabsAPI - INFO - L3 - {'open price': '131.2500', 'higher price': '132.6700', 'lower price': '131.0700', 'variation between last 2 closing price values': 0.84}
2022-08-07T17:58:59.475300 - EurekaLabsAPI - INFO - L3 - 127.0.0.1 - - [07/Aug/2022 17:58:59] "GET /stock?symbol=IBM&api_key=ce9607b24aaa49a6be74ae4b5cef91c8 HTTP/1.1" 200 -
2022-08-07T17:59:00.069613 - EurekaLabsAPI - DEBUG - L3 - Initializing backend: None ./db/demo_cache
2022-08-07T17:59:00.069731 - EurekaLabsAPI - DEBUG - L3 - Initializing SQLitePickleDict with serializer: <requests_cache.serializers.pipeline.SerializerPipeline object at 0x10b1b14c0>
2022-08-07T17:59:00.069966 - EurekaLabsAPI - DEBUG - L3 - Opening connection to /Users/cgobbo/PycharmProjects/eurekalabs/db/demo_cache.sqlite:responses
2022-08-07T17:59:00.070226 - EurekaLabsAPI - DEBUG - L3 - Initializing SQLiteDict with serializer: <requests_cache.serializers.pipeline.SerializerPipeline object at 0x10b1b14c0>
2022-08-07T17:59:00.070427 - EurekaLabsAPI - DEBUG - L3 - Opening connection to /Users/cgobbo/PycharmProjects/eurekalabs/db/demo_cache.sqlite:redirects
2022-08-07T17:59:00.072463 - EurekaLabsAPI - DEBUG - L3 - Cache directives from request headers: {}
2022-08-07T17:59:00.097702 - EurekaLabsAPI - DEBUG - L3 - Cache directives from request headers: {}
2022-08-07T17:59:00.099282 - EurekaLabsAPI - INFO - L3 - {'open price': '131.2500', 'higher price': '132.6700', 'lower price': '131.0700', 'variation between last 2 closing price values': 0.84}
2022-08-07T17:59:00.100125 - EurekaLabsAPI - INFO - L3 - 127.0.0.1 - - [07/Aug/2022 17:59:00] "GET /stock?symbol=IBM&api_key=ce9607b24aaa49a6be74ae4b5cef91c8 HTTP/1.1" 200 -
2022-08-07T17:59:00.693979 - EurekaLabsAPI - DEBUG - L3 - Initializing backend: None ./db/demo_cache
2022-08-07T17:59:00.694099 - EurekaLabsAPI - DEBUG - L3 - Initializing SQLitePickleDict with serializer: <requests_cache.serializers.pipeline.SerializerPipeline object at 0x10b1b14c0>
2022-08-07T17:59:00.694345 - EurekaLabsAPI - DEBUG - L3 - Opening connection to /Users/cgobbo/PycharmProjects/eurekalabs/db/demo_cache.sqlite:responses
2022-08-07T17:59:00.694658 - EurekaLabsAPI - DEBUG - L3 - Initializing SQLiteDict with serializer: <requests_cache.serializers.pipeline.SerializerPipeline object at 0x10b1b14c0>
2022-08-07T17:59:00.694833 - EurekaLabsAPI - DEBUG - L3 - Opening connection to /Users/cgobbo/PycharmProjects/eurekalabs/db/demo_cache.sqlite:redirects
2022-08-07T17:59:00.696827 - EurekaLabsAPI - DEBUG - L3 - Cache directives from request headers: {}
2022-08-07T17:59:00.724803 - EurekaLabsAPI - DEBUG - L3 - Cache directives from request headers: {}
2022-08-07T17:59:00.726755 - EurekaLabsAPI - INFO - L3 - {'open price': '131.2500', 'higher price': '132.6700', 'lower price': '131.0700', 'variation between last 2 closing price values': 0.84}
2022-08-07T17:59:00.727644 - EurekaLabsAPI - INFO - L3 - 127.0.0.1 - - [07/Aug/2022 17:59:00] "GET /stock?symbol=IBM&api_key=ce9607b24aaa49a6be74ae4b5cef91c8 HTTP/1.1" 200 -
2022-08-07T17:59:01.339529 - EurekaLabsAPI - DEBUG - L3 - Initializing backend: None ./db/demo_cache
2022-08-07T17:59:01.339717 - EurekaLabsAPI - DEBUG - L3 - Initializing SQLitePickleDict with serializer: <requests_cache.serializers.pipeline.SerializerPipeline object at 0x10b1b14c0>
2022-08-07T17:59:01.340061 - EurekaLabsAPI - DEBUG - L3 - Opening connection to /Users/cgobbo/PycharmProjects/eurekalabs/db/demo_cache.sqlite:responses
2022-08-07T17:59:01.340382 - EurekaLabsAPI - DEBUG - L3 - Initializing SQLiteDict with serializer: <requests_cache.serializers.pipeline.SerializerPipeline object at 0x10b1b14c0>
2022-08-07T17:59:01.340677 - EurekaLabsAPI - DEBUG - L3 - Opening connection to /Users/cgobbo/PycharmProjects/eurekalabs/db/demo_cache.sqlite:redirects
2022-08-07T17:59:01.343368 - EurekaLabsAPI - DEBUG - L3 - Cache directives from request headers: {}
2022-08-07T17:59:01.370461 - EurekaLabsAPI - DEBUG - L3 - Cache directives from request headers: {}
2022-08-07T17:59:01.371913 - EurekaLabsAPI - INFO - L3 - {'open price': '131.2500', 'higher price': '132.6700', 'lower price': '131.0700', 'variation between last 2 closing price values': 0.84}
2022-08-07T17:59:01.373038 - EurekaLabsAPI - INFO - L3 - 127.0.0.1 - - [07/Aug/2022 17:59:01] "GET /stock?symbol=IBM&api_key=ce9607b24aaa49a6be74ae4b5cef91c8 HTTP/1.1" 200 -
2022-08-07T17:59:01.855681 - EurekaLabsAPI - DEBUG - L3 - Initializing backend: None ./db/demo_cache
2022-08-07T17:59:01.855807 - EurekaLabsAPI - DEBUG - L3 - Initializing SQLitePickleDict with serializer: <requests_cache.serializers.pipeline.SerializerPipeline object at 0x10b1b14c0>
2022-08-07T17:59:01.856050 - EurekaLabsAPI - DEBUG - L3 - Opening connection to /Users/cgobbo/PycharmProjects/eurekalabs/db/demo_cache.sqlite:responses
2022-08-07T17:59:01.856374 - EurekaLabsAPI - DEBUG - L3 - Initializing SQLiteDict with serializer: <requests_cache.serializers.pipeline.SerializerPipeline object at 0x10b1b14c0>
2022-08-07T17:59:01.856605 - EurekaLabsAPI - DEBUG - L3 - Opening connection to /Users/cgobbo/PycharmProjects/eurekalabs/db/demo_cache.sqlite:redirects
2022-08-07T17:59:01.858975 - EurekaLabsAPI - DEBUG - L3 - Cache directives from request headers: {}
2022-08-07T17:59:01.883512 - EurekaLabsAPI - DEBUG - L3 - Cache directives from request headers: {}
2022-08-07T17:59:01.884875 - EurekaLabsAPI - INFO - L3 - {'open price': '131.2500', 'higher price': '132.6700', 'lower price': '131.0700', 'variation between last 2 closing price values': 0.84}
2022-08-07T17:59:01.885695 - EurekaLabsAPI - INFO - L3 - 127.0.0.1 - - [07/Aug/2022 17:59:01] "GET /stock?symbol=IBM&api_key=ce9607b24aaa49a6be74ae4b5cef91c8 HTTP/1.1" 200 -
2022-08-07T17:59:02.439032 - EurekaLabsAPI - DEBUG - L3 - Initializing backend: None ./db/demo_cache
2022-08-07T17:59:02.439169 - EurekaLabsAPI - DEBUG - L3 - Initializing SQLitePickleDict with serializer: <requests_cache.serializers.pipeline.SerializerPipeline object at 0x10b1b14c0>
2022-08-07T17:59:02.439592 - EurekaLabsAPI - DEBUG - L3 - Opening connection to /Users/cgobbo/PycharmProjects/eurekalabs/db/demo_cache.sqlite:responses
2022-08-07T17:59:02.439982 - EurekaLabsAPI - DEBUG - L3 - Initializing SQLiteDict with serializer: <requests_cache.serializers.pipeline.SerializerPipeline object at 0x10b1b14c0>
2022-08-07T17:59:02.440230 - EurekaLabsAPI - DEBUG - L3 - Opening connection to /Users/cgobbo/PycharmProjects/eurekalabs/db/demo_cache.sqlite:redirects
2022-08-07T17:59:02.442200 - EurekaLabsAPI - DEBUG - L3 - Cache directives from request headers: {}
2022-08-07T17:59:02.466786 - EurekaLabsAPI - DEBUG - L3 - Cache directives from request headers: {}
2022-08-07T17:59:02.468240 - EurekaLabsAPI - INFO - L3 - {'open price': '131.2500', 'higher price': '132.6700', 'lower price': '131.0700', 'variation between last 2 closing price values': 0.84}
2022-08-07T17:59:02.469273 - EurekaLabsAPI - INFO - L3 - 127.0.0.1 - - [07/Aug/2022 17:59:02] "GET /stock?symbol=IBM&api_key=ce9607b24aaa49a6be74ae4b5cef91c8 HTTP/1.1" 200 -
2022-08-07T17:59:03.326395 - EurekaLabsAPI - WARNING - L3 - ratelimit 10 per 1 minute (127.0.0.1) exceeded at endpoint: stock
2022-08-07T17:59:03.326946 - EurekaLabsAPI - INFO - L3 - 127.0.0.1 - - [07/Aug/2022 17:59:03] "[31m[1mGET /stock?symbol=IBM&api_key=ce9607b24aaa49a6be74ae4b5cef91c8 HTTP/1.1[0m" 429 -
